{
  "RSpec": {
    "coverage": {
      "/Users/serhiy/Desktop/small-business/spec/controllers/landing_controller_spec.rb": [
        1,
        null,
        1,
        1,
        1,
        1,
        null,
        null,
        null
      ],
      "/Users/serhiy/Desktop/small-business/spec/rails_helper.rb": [
        null,
        1,
        1,
        1,
        null,
        1,
        1,
        null,
        null,
        null,
        null,
        null,
        null,
        null,
        null,
        null,
        null,
        null,
        null,
        null,
        null,
        null,
        null,
        null,
        null,
        null,
        1,
        null,
        1,
        null,
        1,
        null,
        null,
        null,
        null,
        1,
        null,
        null,
        null,
        null,
        null,
        null,
        null,
        null,
        null,
        null,
        null,
        null,
        null,
        null,
        1,
        null,
        null,
        1,
        null,
        null,
        null
      ],
      "/Users/serhiy/Desktop/small-business/config/environment.rb": [
        null,
        1,
        null,
        null,
        1
      ],
      "/Users/serhiy/Desktop/small-business/config/application.rb": [
        1,
        null,
        1,
        null,
        1,
        1,
        1,
        1,
        1,
        1,
        1,
        1,
        null,
        null,
        null,
        null,
        1,
        null,
        1,
        1,
        null,
        1,
        null,
        null,
        null,
        null,
        null,
        null,
        1,
        null,
        null
      ],
      "/Users/serhiy/Desktop/small-business/config/boot.rb": [
        1,
        null,
        1
      ],
      "/Users/serhiy/Desktop/small-business/config/environments/test.rb": [
        1,
        null,
        null,
        null,
        null,
        null,
        null,
        1,
        null,
        null,
        null,
        null,
        1,
        null,
        null,
        1,
        1,
        null,
        null,
        null,
        null,
        1,
        1,
        null,
        null,
        1,
        null,
        null,
        1,
        1,
        null,
        null,
        null,
        null,
        1,
        null,
        null,
        1,
        null,
        null,
        null,
        null
      ],
      "/Users/serhiy/Desktop/small-business/config/initializers/application_controller_renderer.rb": [
        null,
        null,
        null,
        null,
        null,
        null
      ],
      "/Users/serhiy/Desktop/small-business/config/initializers/assets.rb": [
        null,
        null,
        null,
        1,
        null,
        null,
        null,
        null,
        1,
        null,
        null,
        null,
        null,
        null
      ],
      "/Users/serhiy/Desktop/small-business/config/initializers/backtrace_silencers.rb": [
        null,
        null,
        null,
        null,
        null,
        null,
        null
      ],
      "/Users/serhiy/Desktop/small-business/config/initializers/cookies_serializer.rb": [
        null,
        null,
        null,
        null,
        1
      ],
      "/Users/serhiy/Desktop/small-business/config/initializers/filter_parameter_logging.rb": [
        null,
        null,
        null,
        1
      ],
      "/Users/serhiy/Desktop/small-business/config/initializers/inflections.rb": [
        null,
        null,
        null,
        null,
        null,
        null,
        null,
        null,
        null,
        null,
        null,
        null,
        null,
        null,
        null,
        null
      ],
      "/Users/serhiy/Desktop/small-business/config/initializers/mime_types.rb": [
        null,
        null,
        null,
        null
      ],
      "/Users/serhiy/Desktop/small-business/config/initializers/simple_form.rb": [
        null,
        1,
        null,
        null,
        null,
        null,
        null,
        1,
        null,
        null,
        null,
        null,
        null,
        null,
        null,
        null,
        null,
        1,
        null,
        null,
        null,
        1,
        null,
        null,
        null,
        null,
        null,
        null,
        null,
        null,
        null,
        1,
        null,
        null,
        1,
        null,
        null,
        1,
        null,
        null,
        1,
        null,
        null,
        1,
        null,
        null,
        1,
        1,
        1,
        null,
        null,
        null,
        null,
        null,
        null,
        null,
        null,
        null,
        1,
        null,
        null,
        null,
        null,
        null,
        1,
        null,
        null,
        1,
        null,
        null,
        null,
        null,
        null,
        null,
        null,
        1,
        null,
        null,
        1,
        null,
        null,
        null,
        null,
        null,
        null,
        null,
        null,
        null,
        null,
        null,
        null,
        null,
        null,
        null,
        null,
        null,
        null,
        null,
        null,
        null,
        null,
        null,
        null,
        null,
        null,
        null,
        null,
        null,
        null,
        null,
        null,
        null,
        null,
        null,
        null,
        null,
        null,
        null,
        null,
        null,
        null,
        null,
        null,
        1,
        null,
        null,
        null,
        null,
        null,
        null,
        null,
        null,
        null,
        null,
        null,
        null,
        null,
        null,
        null,
        null,
        null,
        null,
        null,
        null,
        null,
        null,
        null,
        null,
        null,
        null,
        null,
        null,
        null,
        null,
        null,
        null,
        null,
        null,
        null,
        null,
        1,
        null,
        null,
        null,
        null,
        null,
        null,
        null,
        null
      ],
      "/Users/serhiy/Desktop/small-business/config/initializers/simple_form_bootstrap.rb": [
        null,
        1,
        1,
        1,
        1,
        null,
        1,
        1,
        1,
        1,
        1,
        1,
        1,
        1,
        1,
        null,
        1,
        1,
        1,
        null,
        null,
        1,
        1,
        1,
        1,
        1,
        1,
        1,
        null,
        1,
        1,
        1,
        null,
        null,
        1,
        1,
        1,
        null,
        1,
        1,
        null,
        null,
        1,
        1,
        null,
        null,
        1,
        1,
        1,
        1,
        1,
        1,
        1,
        null,
        null,
        1,
        1,
        1,
        1,
        1,
        1,
        1,
        1,
        1,
        null,
        1,
        1,
        1,
        1,
        null,
        null,
        null,
        1,
        1,
        1,
        1,
        1,
        1,
        1,
        null,
        1,
        1,
        1,
        1,
        null,
        null,
        null,
        1,
        1,
        1,
        null,
        1,
        1,
        1,
        null,
        null,
        1,
        1,
        null,
        null,
        null,
        1,
        1,
        1,
        null,
        1,
        null,
        1,
        1,
        1,
        1,
        null,
        null,
        null,
        1,
        1,
        1,
        1,
        1,
        1,
        1,
        1,
        1,
        null,
        1,
        1,
        1,
        null,
        null,
        1,
        1,
        1,
        1,
        1,
        1,
        1,
        1,
        null,
        null,
        null,
        null,
        null,
        null,
        1,
        1,
        null,
        null,
        null,
        null,
        null,
        null,
        null,
        null,
        null
      ],
      "/Users/serhiy/Desktop/small-business/config/initializers/wrap_parameters.rb": [
        null,
        null,
        null,
        null,
        null,
        null,
        1,
        2,
        null,
        null,
        null,
        null,
        null,
        null
      ],
      "/Users/serhiy/Desktop/small-business/app/channels/application_cable/channel.rb": [
        1,
        1,
        null,
        null
      ],
      "/Users/serhiy/Desktop/small-business/app/channels/application_cable/connection.rb": [
        1,
        1,
        null,
        null
      ],
      "/Users/serhiy/Desktop/small-business/app/controllers/application_controller.rb": [
        1,
        1,
        1,
        null,
        1,
        3,
        2,
        null,
        null,
        null,
        1,
        0,
        0,
        0,
        null,
        null,
        null,
        1,
        2,
        1,
        1,
        null,
        null,
        null,
        null,
        1,
        2,
        null,
        null,
        null
      ],
      "/Users/serhiy/Desktop/small-business/app/helpers/application_helper.rb": [
        1,
        null
      ],
      "/Users/serhiy/Desktop/small-business/app/helpers/landing_helper.rb": [
        1,
        null
      ],
      "/Users/serhiy/Desktop/small-business/app/helpers/products_helper.rb": [
        1,
        null
      ],
      "/Users/serhiy/Desktop/small-business/app/helpers/reviews_helper.rb": [
        1,
        null
      ],
      "/Users/serhiy/Desktop/small-business/app/helpers/sessions_helper.rb": [
        1,
        null
      ],
      "/Users/serhiy/Desktop/small-business/app/helpers/users_helper.rb": [
        1,
        null
      ],
      "/Users/serhiy/Desktop/small-business/app/controllers/landing_controller.rb": [
        1,
        1,
        null,
        null
      ],
      "/Users/serhiy/Desktop/small-business/app/controllers/products_controller.rb": [
        1,
        1,
        null,
        1,
        0,
        null,
        null,
        1,
        0,
        null,
        null,
        1,
        0,
        null,
        null,
        1,
        1,
        1,
        1,
        null,
        0,
        null,
        null,
        null,
        1,
        0,
        null,
        null,
        1,
        0,
        0,
        0,
        null,
        0,
        null,
        null,
        null,
        1,
        0,
        0,
        0,
        null,
        0,
        0,
        null,
        null,
        1,
        null,
        1,
        1,
        null,
        null
      ],
      "/Users/serhiy/Desktop/small-business/app/controllers/reviews_controller.rb": [
        1,
        1,
        1,
        null,
        1,
        0,
        0,
        null,
        null,
        1,
        0,
        0,
        0,
        0,
        null,
        0,
        null,
        null,
        null,
        1,
        0,
        0,
        0,
        0,
        null,
        null,
        1,
        null,
        1,
        0,
        null,
        null
      ],
      "/Users/serhiy/Desktop/small-business/app/controllers/sessions_controller.rb": [
        1,
        1,
        0,
        null,
        1,
        2,
        2,
        1,
        1,
        1,
        null,
        1,
        1,
        1,
        1,
        null,
        null,
        null,
        1,
        0,
        0,
        0,
        null,
        null
      ],
      "/Users/serhiy/Desktop/small-business/app/controllers/users_controller.rb": [
        1,
        1,
        0,
        null,
        null,
        1,
        0,
        0,
        0,
        0,
        0,
        null,
        0,
        null,
        null,
        null,
        1,
        null,
        1,
        0,
        null,
        null
      ],
      "/Users/serhiy/Desktop/small-business/app/jobs/application_job.rb": [
        1,
        null
      ],
      "/Users/serhiy/Desktop/small-business/app/mailers/application_mailer.rb": [
        1,
        1,
        1,
        null
      ],
      "/Users/serhiy/Desktop/small-business/app/models/application_record.rb": [
        1,
        1,
        null
      ],
      "/Users/serhiy/Desktop/small-business/app/models/product.rb": [
        1,
        null,
        1,
        null,
        1,
        null,
        null
      ],
      "/Users/serhiy/Desktop/small-business/app/models/review.rb": [
        1,
        1,
        null
      ],
      "/Users/serhiy/Desktop/small-business/app/models/user.rb": [
        1,
        1,
        1,
        1,
        1,
        null,
        1,
        3,
        3,
        null,
        null,
        1,
        2,
        2,
        1,
        null,
        null,
        null,
        null,
        null,
        1,
        1,
        null,
        null
      ],
      "/Users/serhiy/Desktop/small-business/spec/factories.rb": [
        1,
        1,
        1,
        1,
        null,
        null,
        1,
        1,
        1,
        null,
        null,
        null,
        null
      ],
      "/Users/serhiy/Desktop/small-business/spec/factories/products.rb": [
        1,
        1,
        1,
        1,
        1,
        null,
        null
      ],
      "/Users/serhiy/Desktop/small-business/spec/factories/reviews.rb": [
        1,
        1,
        1,
        null,
        null
      ],
      "/Users/serhiy/Desktop/small-business/config/routes.rb": [
        1,
        1,
        1,
        null,
        1,
        1,
        1,
        null,
        null,
        1,
        1,
        null,
        null,
        1,
        null
      ],
      "/Users/serhiy/Desktop/small-business/spec/controllers/products_controller_spec.rb": [
        1,
        null,
        1,
        1,
        1,
        1,
        null,
        null,
        1,
        1,
        null,
        1,
        1,
        null,
        null,
        null,
        null,
        null,
        null,
        2,
        null,
        null
      ],
      "/Users/serhiy/Desktop/small-business/spec/controllers/reviews_controller_spec.rb": [
        1,
        null,
        1,
        null,
        null
      ],
      "/Users/serhiy/Desktop/small-business/spec/controllers/sessions_controller_spec.rb": [
        1,
        null,
        1,
        null,
        1,
        1,
        1,
        null,
        null,
        null,
        1,
        1,
        null,
        null,
        1,
        1,
        1,
        null,
        null,
        null,
        null,
        null,
        null,
        1,
        1,
        null,
        null
      ],
      "/Users/serhiy/Desktop/small-business/spec/helpers/landing_helper_spec.rb": [
        1,
        null,
        null,
        null,
        null,
        null,
        null,
        null,
        null,
        null,
        null,
        null,
        1,
        null,
        null
      ],
      "/Users/serhiy/Desktop/small-business/spec/helpers/products_helper_spec.rb": [
        1,
        null,
        null,
        null,
        null,
        null,
        null,
        null,
        null,
        null,
        null,
        null,
        1,
        null,
        null
      ],
      "/Users/serhiy/Desktop/small-business/spec/helpers/reviews_helper_spec.rb": [
        1,
        null,
        null,
        null,
        null,
        null,
        null,
        null,
        null,
        null,
        null,
        null,
        1,
        null,
        null
      ],
      "/Users/serhiy/Desktop/small-business/spec/models/product_spec.rb": [
        1,
        null,
        1,
        null,
        null
      ],
      "/Users/serhiy/Desktop/small-business/spec/models/review_spec.rb": [
        1,
        null,
        1,
        null,
        null
      ]
    },
    "timestamp": 1500267379
  }
}
